<?xml version="1.0" encoding="UTF-8"?>
<!-- Generated by org.testng.reporters.JUnitReportReporter -->
<testsuite hostname="PAVILION" failures="0" tests="1" name="com.linkedin_automation.UpdateProfileTest" time="15.873" errors="0" timestamp="2025-02-17T13:41:51 IST" skipped="0">
  <testcase classname="com.linkedin_automation.UpdateProfileTest" name="profileEdit" time="15.873"/>
</testsuite> <!-- com.linkedin_automation.UpdateProfileTest -->
